<?xml version="1.0" encoding="UTF-8"?>
<!-- Generated by org.testng.reporters.JUnitReportReporter -->
<testsuite hostname="pc" failures="0" tests="1" name="DriverFactory.Apptest" time="69.587" errors="0" timestamp="2021-01-28T17:20:42 IST" skipped="0">
  <testcase classname="DriverFactory.Apptest" name="kickStart" time="69.587"/>
  <system-out/>
</testsuite> <!-- DriverFactory.Apptest -->
